{"uid":"4aab0063699d197c","name":"Successful login with valid credentials","fullName":"src/test/resources/features/login.feature:8","historyId":"67c5e823510fb3ca19920df5fedf8e96","time":{"start":1746629898935,"stop":1746629906418,"duration":7483},"description":"  As a Student\n  I want to be able to login to the G.E.M. Class Recruiting website\n  So that I can access my account","descriptionHtml":"<p>As a Student<br />\nI want to be able to login to the G.E.M. Class Recruiting website<br />\nSo that I can access my account</p>\n","status":"failed","statusMessage":"Not redirected to the homepage after login expected [http://34.233.163.207/] but found [http://34.233.163.207/login]","statusTrace":"java.lang.AssertionError: Not redirected to the homepage after login expected [http://34.233.163.207/] but found [http://34.233.163.207/login]\n\tat org.testng.Assert.fail(Assert.java:111)\n\tat org.testng.Assert.failNotEquals(Assert.java:1590)\n\tat org.testng.Assert.assertEqualsImpl(Assert.java:150)\n\tat org.testng.Assert.assertEquals(Assert.java:132)\n\tat org.testng.Assert.assertEquals(Assert.java:656)\n\tat steps.LoginSteps.iShouldBeRedirectedToTheHomepage(LoginSteps.java:85)\n\tat ✽.I should be redirected to the homepage(file:///home/runner/work/GEM/GEM/src/test/resources/features/login.feature:13)\n","flaky":true,"newFailed":false,"newBroken":false,"newPassed":false,"retriesCount":0,"retriesStatusChange":false,"beforeStages":[{"name":"steps.MenuSteps.setUp()","time":{"start":1746629898936,"stop":1746629899058,"duration":122},"status":"passed","steps":[],"attachments":[],"parameters":[],"shouldDisplayMessage":false,"stepsCount":0,"attachmentsCount":0,"hasContent":false,"attachmentStep":false},{"name":"steps.LoginSteps.setUp()","time":{"start":1746629899092,"stop":1746629899093,"duration":1},"status":"passed","steps":[],"attachments":[],"parameters":[],"shouldDisplayMessage":false,"stepsCount":0,"attachmentsCount":0,"hasContent":false,"attachmentStep":false}],"testStage":{"description":"  As a Student\n  I want to be able to login to the G.E.M. Class Recruiting website\n  So that I can access my account","status":"failed","statusMessage":"Not redirected to the homepage after login expected [http://34.233.163.207/] but found [http://34.233.163.207/login]","statusTrace":"java.lang.AssertionError: Not redirected to the homepage after login expected [http://34.233.163.207/] but found [http://34.233.163.207/login]\n\tat org.testng.Assert.fail(Assert.java:111)\n\tat org.testng.Assert.failNotEquals(Assert.java:1590)\n\tat org.testng.Assert.assertEqualsImpl(Assert.java:150)\n\tat org.testng.Assert.assertEquals(Assert.java:132)\n\tat org.testng.Assert.assertEquals(Assert.java:656)\n\tat steps.LoginSteps.iShouldBeRedirectedToTheHomepage(LoginSteps.java:85)\n\tat ✽.I should be redirected to the homepage(file:///home/runner/work/GEM/GEM/src/test/resources/features/login.feature:13)\n","steps":[{"name":"Given I am on the login page","time":{"start":1746629899095,"stop":1746629903901,"duration":4806},"status":"passed","steps":[],"attachments":[],"parameters":[],"shouldDisplayMessage":false,"stepsCount":0,"attachmentsCount":0,"hasContent":false,"attachmentStep":false},{"name":"When I enter valid email \"aleksandr.titovskoy+3@greenice.net\"","time":{"start":1746629903901,"stop":1746629904032,"duration":131},"status":"passed","steps":[],"attachments":[],"parameters":[],"shouldDisplayMessage":false,"stepsCount":0,"attachmentsCount":0,"hasContent":false,"attachmentStep":false},{"name":"And I enter valid password \"1q2w3e4r\"","time":{"start":1746629904032,"stop":1746629904151,"duration":119},"status":"passed","steps":[],"attachments":[],"parameters":[],"shouldDisplayMessage":false,"stepsCount":0,"attachmentsCount":0,"hasContent":false,"attachmentStep":false},{"name":"And I click on the login button","time":{"start":1746629904151,"stop":1746629904248,"duration":97},"status":"passed","steps":[],"attachments":[],"parameters":[],"shouldDisplayMessage":false,"stepsCount":0,"attachmentsCount":0,"hasContent":false,"attachmentStep":false},{"name":"Then I should be redirected to the homepage","time":{"start":1746629904248,"stop":1746629904272,"duration":24},"status":"failed","statusMessage":"Not redirected to the homepage after login expected [http://34.233.163.207/] but found [http://34.233.163.207/login]","statusTrace":"java.lang.AssertionError: Not redirected to the homepage after login expected [http://34.233.163.207/] but found [http://34.233.163.207/login]\n\tat org.testng.Assert.fail(Assert.java:111)\n\tat org.testng.Assert.failNotEquals(Assert.java:1590)\n\tat org.testng.Assert.assertEqualsImpl(Assert.java:150)\n\tat org.testng.Assert.assertEquals(Assert.java:132)\n\tat org.testng.Assert.assertEquals(Assert.java:656)\n\tat steps.LoginSteps.iShouldBeRedirectedToTheHomepage(LoginSteps.java:85)\n\tat ✽.I should be redirected to the homepage(file:///home/runner/work/GEM/GEM/src/test/resources/features/login.feature:13)\n","steps":[],"attachments":[],"parameters":[],"shouldDisplayMessage":true,"stepsCount":0,"attachmentsCount":0,"hasContent":true,"attachmentStep":false},{"name":"And I should see user is logged in","time":{"start":1746629904274,"stop":1746629904274,"duration":0},"status":"skipped","steps":[],"attachments":[],"parameters":[],"shouldDisplayMessage":false,"stepsCount":0,"attachmentsCount":0,"hasContent":false,"attachmentStep":false}],"attachments":[],"parameters":[],"shouldDisplayMessage":false,"stepsCount":6,"attachmentsCount":0,"hasContent":true,"attachmentStep":false},"afterStages":[{"name":"steps.CookieCleanupHooks.cleanupBrowserData()","time":{"start":1746629904275,"stop":1746629906416,"duration":2141},"status":"passed","steps":[],"attachments":[],"parameters":[],"shouldDisplayMessage":false,"stepsCount":0,"attachmentsCount":0,"hasContent":false,"attachmentStep":false}],"labels":[{"name":"tag","value":"epic=Authentication"},{"name":"tag","value":"feature=LoginFeature"},{"name":"severity","value":"critical"},{"name":"tag","value":"story=SuccessfulLogin"},{"name":"tag","value":"regression"},{"name":"tag","value":"smoke"},{"name":"host","value":"fv-az1755-753"},{"name":"thread","value":"3770@fv-az1755-753.main(1)"},{"name":"feature","value":"Login Functionality"},{"name":"story","value":"Successful login with valid credentials"},{"name":"suite","value":"Login Functionality"},{"name":"testClass","value":"Successful login with valid credentials"},{"name":"framework","value":"cucumber4jvm"},{"name":"language","value":"java"},{"name":"gherkin_uri","value":"file:///home/runner/work/GEM/GEM/src/test/resources/features/login.feature"},{"name":"package","value":"src.test.resources.features.login_feature.Login Functionality"},{"name":"resultFormat","value":"allure2"}],"parameters":[],"links":[],"hidden":false,"retry":false,"extra":{"severity":"critical","retries":[],"categories":[{"name":"Product defects","matchedStatuses":[],"flaky":false}],"history":{"statistic":{"failed":3,"broken":2,"skipped":0,"passed":2,"unknown":0,"total":7},"items":[{"uid":"48f92de400194c29","reportUrl":"https://AleksandrQA21.github.io/GEM/10//#testresult/48f92de400194c29","status":"failed","statusDetails":"Not redirected to the homepage after login expected [http://34.233.163.207/] but found [http://34.233.163.207/login]","time":{"start":1746629281710,"stop":1746629291118,"duration":9408}},{"uid":"b4ab4224dac1b464","reportUrl":"https://AleksandrQA21.github.io/GEM/9//#testresult/b4ab4224dac1b464","status":"passed","time":{"start":1746625236958,"stop":1746625241199,"duration":4241}},{"uid":"88324f6bb577c411","reportUrl":"https://AleksandrQA21.github.io/GEM/8//#testresult/88324f6bb577c411","status":"passed","time":{"start":1746623960371,"stop":1746623964370,"duration":3999}},{"uid":"8d45d63764280efb","reportUrl":"https://AleksandrQA21.github.io/GEM/7//#testresult/8d45d63764280efb","status":"broken","statusDetails":"Could not start a new session. Response code 500. Message: session not created: probably user data directory is already in use, please specify a unique value for --user-data-dir argument, or don't use --user-data-dir \nHost info: host: 'fv-az1110-468', ip: '10.1.0.49'\nBuild info: version: '4.30.0', revision: '509c7f17cc*'\nSystem info: os.name: 'Linux', os.arch: 'amd64', os.version: '6.11.0-1013-azure', java.version: '17.0.15'\nDriver info: org.openqa.selenium.chrome.ChromeDriver\nCommand: [null, newSession {capabilities=[Capabilities {acceptInsecureCerts: true, browserName: chrome, goog:chromeOptions: {args: [--proxy-bypass-list=<-loopb..., --disable-dev-shm-usage, --disable-search-engine-cho..., --unsafely-disable-devtools..., --window-size=1366,768], binary: /usr/bin/google-chrome, excludeSwitches: [enable-automation, load-extension], extensions: [], prefs: {autofill.credit_card_enabled: false, autofill.profile_enabled: false, credentials_enable_service: false, download.default_directory: /home/runner/work/GEM/GEM/b..., plugins.always_open_pdf_externally: true, profile.default_content_setting_values.automatic_downloads: 1, profile.password_manager_enabled: false, profile.password_manager_leak_detection: false, safebrowsing.enabled: true}}, pageLoadStrategy: normal, unhandledPromptBehavior: accept}]}]\nselenide.url: http://34.233.163.207/login\nselenide.baseUrl: http://localhost:8080","time":{"start":1746622342165,"stop":1746622342880,"duration":715}},{"uid":"a7e6787e1d096ed2","reportUrl":"https://AleksandrQA21.github.io/GEM/6//#testresult/a7e6787e1d096ed2","status":"failed","statusDetails":"Not redirected to the homepage after login expected [http://34.233.163.207/] but found [http://34.233.163.207/login]","time":{"start":1746621941411,"stop":1746621947435,"duration":6024}},{"uid":"ae84433f0ea2df44","reportUrl":"https://AleksandrQA21.github.io/GEM/5//#testresult/ae84433f0ea2df44","status":"broken","statusDetails":"Could not start a new session. Response code 500. Message: session not created: probably user data directory is already in use, please specify a unique value for --user-data-dir argument, or don't use --user-data-dir \nHost info: host: 'fv-az1674-273', ip: '10.1.0.243'\nBuild info: version: '4.30.0', revision: '509c7f17cc*'\nSystem info: os.name: 'Linux', os.arch: 'amd64', os.version: '6.11.0-1013-azure', java.version: '17.0.15'\nDriver info: org.openqa.selenium.chrome.ChromeDriver\nCommand: [null, newSession {capabilities=[Capabilities {acceptInsecureCerts: true, browserName: chrome, goog:chromeOptions: {args: [--proxy-bypass-list=<-loopb..., --disable-dev-shm-usage, --disable-search-engine-cho..., --unsafely-disable-devtools..., --window-size=1366,768], binary: /usr/bin/google-chrome, excludeSwitches: [enable-automation, load-extension], extensions: [], prefs: {autofill.credit_card_enabled: false, autofill.profile_enabled: false, credentials_enable_service: false, download.default_directory: /home/runner/work/GEM/GEM/b..., plugins.always_open_pdf_externally: true, profile.default_content_setting_values.automatic_downloads: 1, profile.password_manager_enabled: false, profile.password_manager_leak_detection: false, safebrowsing.enabled: true}}, pageLoadStrategy: normal, unhandledPromptBehavior: accept}]}]\nselenide.url: http://34.233.163.207/login\nselenide.baseUrl: http://localhost:8080","time":{"start":1746621381911,"stop":1746621393500,"duration":11589}}]},"tags":["story=SuccessfulLogin","regression","epic=Authentication","smoke","feature=LoginFeature"]},"source":"4aab0063699d197c.json","parameterValues":[]}